The request analysis.setContextRoots failed with the following error:
RequestErrorCode.PLUGIN_ERROR
Failed to decode .dart_tool/package_config.json at /Users/itae/dev/clean_architecture_linter/example. Make sure to run `pub get` first.
PathNotFoundException: Cannot open file, path = '/Users/itae/dev/clean_architecture_linter/example/.dart_tool/pub/workspace_ref.json' (OS Error: No such file or directory, errno = 2)
#0      _File.throwIfError (dart:io/file_impl.dart:783)
#1      _File.openSync (dart:io/file_impl.dart:576)
#2      _File.readAsBytesSync (dart:io/file_impl.dart:664)
#3      _File.readAsStringSync (dart:io/file_impl.dart:719)
#4      parsePackageConfig (package:custom_lint_core/src/package_utils.dart:142)
#5      CustomLintProject.parse (package:custom_lint/src/workspace.dart:930)
<asynchronous suspension>
#6      Future.wait.<anonymous closure> (dart:async/future.dart:525)
<asynchronous suspension>
#7      CustomLintWorkspace.fromContextRoots (package:custom_lint/src/workspace.dart:515)
<asynchronous suspension>
#8      SocketCustomLintServerToClientChannel.create (package:custom_lint/src/v2/server_to_client_channel.dart:54)
<asynchronous suspension>
#9      CustomLintServer._maybeSpawnCustomLintPlugin (package:custom_lint/src/v2/custom_lint_analyzer_plugin.dart:362)
<asynchronous suspension>
#10     CustomLintServer._handleAnalysisSetContextRoots.<anonymous closure> (package:custom_lint/src/v2/custom_lint_analyzer_plugin.dart:343)
<asynchronous suspension>
#11     PendingOperation.run (package:custom_lint/src/async_operation.dart:22)
<asynchronous suspension>
#12     CustomLintServer._handleRequest (package:custom_lint/src/v2/custom_lint_analyzer_plugin.dart:175)
<asynchronous suspension>

at:
#0      CustomLintProject.parse.<anonymous closure> (package:custom_lint/src/workspace.dart:933)
#1      _rootRunBinary (dart:async/zone.dart:1560)
#2      _CustomZone.runBinary (dart:async/zone.dart:1436)
#3      _FutureListener.handleError (dart:async/future_impl.dart:237)
#4      Future._propagateToListeners.handleError (dart:async/future_impl.dart:960)
#5      Future._propagateToListeners (dart:async/future_impl.dart:981)
#6      Future._completeErrorObject (dart:async/future_impl.dart:738)
#7      Future._asyncCompleteErrorObject.<anonymous closure> (dart:async/future_impl.dart:832)
#8      _rootRun (dart:async/zone.dart:1525)
#9      _CustomZone.run (dart:async/zone.dart:1422)
#10     _CustomZone.runGuarded (dart:async/zone.dart:1321)
#11     _CustomZone.bindCallbackGuarded.<anonymous closure> (dart:async/zone.dart:1362)
#12     _microtaskLoop (dart:async/schedule_microtask.dart:40)
#13     _startMicrotaskLoop (dart:async/schedule_microtask.dart:49)
#14     _runPendingImmediateCallback (dart:isolate-patch/isolate_patch.dart:127)
#15     _RawReceivePort._handleMessage (dart:isolate-patch/isolate_patch.dart:194)

The request analysis.setSubscriptions failed with the following error:
RequestErrorCode.PLUGIN_ERROR
Failed to decode .dart_tool/package_config.json at /Users/itae/dev/clean_architecture_linter/example. Make sure to run `pub get` first.
PathNotFoundException: Cannot open file, path = '/Users/itae/dev/clean_architecture_linter/example/.dart_tool/pub/workspace_ref.json' (OS Error: No such file or directory, errno = 2)
#0      _File.throwIfError (dart:io/file_impl.dart:783)
#1      _File.openSync (dart:io/file_impl.dart:576)
#2      _File.readAsBytesSync (dart:io/file_impl.dart:664)
#3      _File.readAsStringSync (dart:io/file_impl.dart:719)
#4      parsePackageConfig (package:custom_lint_core/src/package_utils.dart:142)
#5      CustomLintProject.parse (package:custom_lint/src/workspace.dart:930)
<asynchronous suspension>
#6      Future.wait.<anonymous closure> (dart:async/future.dart:525)
<asynchronous suspension>
#7      CustomLintWorkspace.fromContextRoots (package:custom_lint/src/workspace.dart:515)
<asynchronous suspension>
#8      SocketCustomLintServerToClientChannel.create (package:custom_lint/src/v2/server_to_client_channel.dart:54)
<asynchronous suspension>
#9      CustomLintServer._maybeSpawnCustomLintPlugin (package:custom_lint/src/v2/custom_lint_analyzer_plugin.dart:362)
<asynchronous suspension>
#10     CustomLintServer._handleAnalysisSetContextRoots.<anonymous closure> (package:custom_lint/src/v2/custom_lint_analyzer_plugin.dart:343)
<asynchronous suspension>
#11     PendingOperation.run (package:custom_lint/src/async_operation.dart:22)
<asynchronous suspension>
#12     CustomLintServer._handleRequest (package:custom_lint/src/v2/custom_lint_analyzer_plugin.dart:175)
<asynchronous suspension>

at:
#0      CustomLintProject.parse.<anonymous closure> (package:custom_lint/src/workspace.dart:933)
#1      _rootRunBinary (dart:async/zone.dart:1560)
#2      _CustomZone.runBinary (dart:async/zone.dart:1436)
#3      _FutureListener.handleError (dart:async/future_impl.dart:237)
#4      Future._propagateToListeners.handleError (dart:async/future_impl.dart:960)
#5      Future._propagateToListeners (dart:async/future_impl.dart:981)
#6      Future._completeErrorObject (dart:async/future_impl.dart:738)
#7      Future._asyncCompleteErrorObject.<anonymous closure> (dart:async/future_impl.dart:832)
#8      _rootRun (dart:async/zone.dart:1525)
#9      _CustomZone.run (dart:async/zone.dart:1422)
#10     _CustomZone.runGuarded (dart:async/zone.dart:1321)
#11     _CustomZone.bindCallbackGuarded.<anonymous closure> (dart:async/zone.dart:1362)
#12     _microtaskLoop (dart:async/schedule_microtask.dart:40)
#13     _startMicrotaskLoop (dart:async/schedule_microtask.dart:49)
#14     _runPendingImmediateCallback (dart:isolate-patch/isolate_patch.dart:127)
#15     _RawReceivePort._handleMessage (dart:isolate-patch/isolate_patch.dart:194)

The request analysis.updateContent failed with the following error:
RequestErrorCode.PLUGIN_ERROR
Failed to decode .dart_tool/package_config.json at /Users/itae/dev/clean_architecture_linter/example. Make sure to run `pub get` first.
PathNotFoundException: Cannot open file, path = '/Users/itae/dev/clean_architecture_linter/example/.dart_tool/pub/workspace_ref.json' (OS Error: No such file or directory, errno = 2)
#0      _File.throwIfError (dart:io/file_impl.dart:783)
#1      _File.openSync (dart:io/file_impl.dart:576)
#2      _File.readAsBytesSync (dart:io/file_impl.dart:664)
#3      _File.readAsStringSync (dart:io/file_impl.dart:719)
#4      parsePackageConfig (package:custom_lint_core/src/package_utils.dart:142)
#5      CustomLintProject.parse (package:custom_lint/src/workspace.dart:930)
<asynchronous suspension>
#6      Future.wait.<anonymous closure> (dart:async/future.dart:525)
<asynchronous suspension>
#7      CustomLintWorkspace.fromContextRoots (package:custom_lint/src/workspace.dart:515)
<asynchronous suspension>
#8      SocketCustomLintServerToClientChannel.create (package:custom_lint/src/v2/server_to_client_channel.dart:54)
<asynchronous suspension>
#9      CustomLintServer._maybeSpawnCustomLintPlugin (package:custom_lint/src/v2/custom_lint_analyzer_plugin.dart:362)
<asynchronous suspension>
#10     CustomLintServer._handleAnalysisSetContextRoots.<anonymous closure> (package:custom_lint/src/v2/custom_lint_analyzer_plugin.dart:343)
<asynchronous suspension>
#11     PendingOperation.run (package:custom_lint/src/async_operation.dart:22)
<asynchronous suspension>
#12     CustomLintServer._handleRequest (package:custom_lint/src/v2/custom_lint_analyzer_plugin.dart:175)
<asynchronous suspension>

at:
#0      CustomLintProject.parse.<anonymous closure> (package:custom_lint/src/workspace.dart:933)
#1      _rootRunBinary (dart:async/zone.dart:1560)
#2      _CustomZone.runBinary (dart:async/zone.dart:1436)
#3      _FutureListener.handleError (dart:async/future_impl.dart:237)
#4      Future._propagateToListeners.handleError (dart:async/future_impl.dart:960)
#5      Future._propagateToListeners (dart:async/future_impl.dart:981)
#6      Future._completeErrorObject (dart:async/future_impl.dart:738)
#7      Future._asyncCompleteErrorObject.<anonymous closure> (dart:async/future_impl.dart:832)
#8      _rootRun (dart:async/zone.dart:1525)
#9      _CustomZone.run (dart:async/zone.dart:1422)
#10     _CustomZone.runGuarded (dart:async/zone.dart:1321)
#11     _CustomZone.bindCallbackGuarded.<anonymous closure> (dart:async/zone.dart:1362)
#12     _microtaskLoop (dart:async/schedule_microtask.dart:40)
#13     _startMicrotaskLoop (dart:async/schedule_microtask.dart:49)
#14     _runPendingImmediateCallback (dart:isolate-patch/isolate_patch.dart:127)
#15     _RawReceivePort._handleMessage (dart:isolate-patch/isolate_patch.dart:194)

The request analysis.setPriorityFiles failed with the following error:
RequestErrorCode.PLUGIN_ERROR
Failed to decode .dart_tool/package_config.json at /Users/itae/dev/clean_architecture_linter/example. Make sure to run `pub get` first.
PathNotFoundException: Cannot open file, path = '/Users/itae/dev/clean_architecture_linter/example/.dart_tool/pub/workspace_ref.json' (OS Error: No such file or directory, errno = 2)
#0      _File.throwIfError (dart:io/file_impl.dart:783)
#1      _File.openSync (dart:io/file_impl.dart:576)
#2      _File.readAsBytesSync (dart:io/file_impl.dart:664)
#3      _File.readAsStringSync (dart:io/file_impl.dart:719)
#4      parsePackageConfig (package:custom_lint_core/src/package_utils.dart:142)
#5      CustomLintProject.parse (package:custom_lint/src/workspace.dart:930)
<asynchronous suspension>
#6      Future.wait.<anonymous closure> (dart:async/future.dart:525)
<asynchronous suspension>
#7      CustomLintWorkspace.fromContextRoots (package:custom_lint/src/workspace.dart:515)
<asynchronous suspension>
#8      SocketCustomLintServerToClientChannel.create (package:custom_lint/src/v2/server_to_client_channel.dart:54)
<asynchronous suspension>
#9      CustomLintServer._maybeSpawnCustomLintPlugin (package:custom_lint/src/v2/custom_lint_analyzer_plugin.dart:362)
<asynchronous suspension>
#10     CustomLintServer._handleAnalysisSetContextRoots.<anonymous closure> (package:custom_lint/src/v2/custom_lint_analyzer_plugin.dart:343)
<asynchronous suspension>
#11     PendingOperation.run (package:custom_lint/src/async_operation.dart:22)
<asynchronous suspension>
#12     CustomLintServer._handleRequest (package:custom_lint/src/v2/custom_lint_analyzer_plugin.dart:175)
<asynchronous suspension>

at:
#0      CustomLintProject.parse.<anonymous closure> (package:custom_lint/src/workspace.dart:933)
#1      _rootRunBinary (dart:async/zone.dart:1560)
#2      _CustomZone.runBinary (dart:async/zone.dart:1436)
#3      _FutureListener.handleError (dart:async/future_impl.dart:237)
#4      Future._propagateToListeners.handleError (dart:async/future_impl.dart:960)
#5      Future._propagateToListeners (dart:async/future_impl.dart:981)
#6      Future._completeErrorObject (dart:async/future_impl.dart:738)
#7      Future._asyncCompleteErrorObject.<anonymous closure> (dart:async/future_impl.dart:832)
#8      _rootRun (dart:async/zone.dart:1525)
#9      _CustomZone.run (dart:async/zone.dart:1422)
#10     _CustomZone.runGuarded (dart:async/zone.dart:1321)
#11     _CustomZone.bindCallbackGuarded.<anonymous closure> (dart:async/zone.dart:1362)
#12     _microtaskLoop (dart:async/schedule_microtask.dart:40)
#13     _startMicrotaskLoop (dart:async/schedule_microtask.dart:49)
#14     _runPendingImmediateCallback (dart:isolate-patch/isolate_patch.dart:127)
#15     _RawReceivePort._handleMessage (dart:isolate-patch/isolate_patch.dart:194)

The request analysis.updateContent failed with the following error:
RequestErrorCode.PLUGIN_ERROR
Failed to decode .dart_tool/package_config.json at /Users/itae/dev/clean_architecture_linter/example. Make sure to run `pub get` first.
PathNotFoundException: Cannot open file, path = '/Users/itae/dev/clean_architecture_linter/example/.dart_tool/pub/workspace_ref.json' (OS Error: No such file or directory, errno = 2)
#0      _File.throwIfError (dart:io/file_impl.dart:783)
#1      _File.openSync (dart:io/file_impl.dart:576)
#2      _File.readAsBytesSync (dart:io/file_impl.dart:664)
#3      _File.readAsStringSync (dart:io/file_impl.dart:719)
#4      parsePackageConfig (package:custom_lint_core/src/package_utils.dart:142)
#5      CustomLintProject.parse (package:custom_lint/src/workspace.dart:930)
<asynchronous suspension>
#6      Future.wait.<anonymous closure> (dart:async/future.dart:525)
<asynchronous suspension>
#7      CustomLintWorkspace.fromContextRoots (package:custom_lint/src/workspace.dart:515)
<asynchronous suspension>
#8      SocketCustomLintServerToClientChannel.create (package:custom_lint/src/v2/server_to_client_channel.dart:54)
<asynchronous suspension>
#9      CustomLintServer._maybeSpawnCustomLintPlugin (package:custom_lint/src/v2/custom_lint_analyzer_plugin.dart:362)
<asynchronous suspension>
#10     CustomLintServer._handleAnalysisSetContextRoots.<anonymous closure> (package:custom_lint/src/v2/custom_lint_analyzer_plugin.dart:343)
<asynchronous suspension>
#11     PendingOperation.run (package:custom_lint/src/async_operation.dart:22)
<asynchronous suspension>
#12     CustomLintServer._handleRequest (package:custom_lint/src/v2/custom_lint_analyzer_plugin.dart:175)
<asynchronous suspension>

at:
#0      CustomLintProject.parse.<anonymous closure> (package:custom_lint/src/workspace.dart:933)
#1      _rootRunBinary (dart:async/zone.dart:1560)
#2      _CustomZone.runBinary (dart:async/zone.dart:1436)
#3      _FutureListener.handleError (dart:async/future_impl.dart:237)
#4      Future._propagateToListeners.handleError (dart:async/future_impl.dart:960)
#5      Future._propagateToListeners (dart:async/future_impl.dart:981)
#6      Future._completeErrorObject (dart:async/future_impl.dart:738)
#7      Future._asyncCompleteErrorObject.<anonymous closure> (dart:async/future_impl.dart:832)
#8      _rootRun (dart:async/zone.dart:1525)
#9      _CustomZone.run (dart:async/zone.dart:1422)
#10     _CustomZone.runGuarded (dart:async/zone.dart:1321)
#11     _CustomZone.bindCallbackGuarded.<anonymous closure> (dart:async/zone.dart:1362)
#12     _microtaskLoop (dart:async/schedule_microtask.dart:40)
#13     _startMicrotaskLoop (dart:async/schedule_microtask.dart:49)
#14     _runPendingImmediateCallback (dart:isolate-patch/isolate_patch.dart:127)
#15     _RawReceivePort._handleMessage (dart:isolate-patch/isolate_patch.dart:194)

The request analysis.setPriorityFiles failed with the following error:
RequestErrorCode.PLUGIN_ERROR
Failed to decode .dart_tool/package_config.json at /Users/itae/dev/clean_architecture_linter/example. Make sure to run `pub get` first.
PathNotFoundException: Cannot open file, path = '/Users/itae/dev/clean_architecture_linter/example/.dart_tool/pub/workspace_ref.json' (OS Error: No such file or directory, errno = 2)
#0      _File.throwIfError (dart:io/file_impl.dart:783)
#1      _File.openSync (dart:io/file_impl.dart:576)
#2      _File.readAsBytesSync (dart:io/file_impl.dart:664)
#3      _File.readAsStringSync (dart:io/file_impl.dart:719)
#4      parsePackageConfig (package:custom_lint_core/src/package_utils.dart:142)
#5      CustomLintProject.parse (package:custom_lint/src/workspace.dart:930)
<asynchronous suspension>
#6      Future.wait.<anonymous closure> (dart:async/future.dart:525)
<asynchronous suspension>
#7      CustomLintWorkspace.fromContextRoots (package:custom_lint/src/workspace.dart:515)
<asynchronous suspension>
#8      SocketCustomLintServerToClientChannel.create (package:custom_lint/src/v2/server_to_client_channel.dart:54)
<asynchronous suspension>
#9      CustomLintServer._maybeSpawnCustomLintPlugin (package:custom_lint/src/v2/custom_lint_analyzer_plugin.dart:362)
<asynchronous suspension>
#10     CustomLintServer._handleAnalysisSetContextRoots.<anonymous closure> (package:custom_lint/src/v2/custom_lint_analyzer_plugin.dart:343)
<asynchronous suspension>
#11     PendingOperation.run (package:custom_lint/src/async_operation.dart:22)
<asynchronous suspension>
#12     CustomLintServer._handleRequest (package:custom_lint/src/v2/custom_lint_analyzer_plugin.dart:175)
<asynchronous suspension>

at:
#0      CustomLintProject.parse.<anonymous closure> (package:custom_lint/src/workspace.dart:933)
#1      _rootRunBinary (dart:async/zone.dart:1560)
#2      _CustomZone.runBinary (dart:async/zone.dart:1436)
#3      _FutureListener.handleError (dart:async/future_impl.dart:237)
#4      Future._propagateToListeners.handleError (dart:async/future_impl.dart:960)
#5      Future._propagateToListeners (dart:async/future_impl.dart:981)
#6      Future._completeErrorObject (dart:async/future_impl.dart:738)
#7      Future._asyncCompleteErrorObject.<anonymous closure> (dart:async/future_impl.dart:832)
#8      _rootRun (dart:async/zone.dart:1525)
#9      _CustomZone.run (dart:async/zone.dart:1422)
#10     _CustomZone.runGuarded (dart:async/zone.dart:1321)
#11     _CustomZone.bindCallbackGuarded.<anonymous closure> (dart:async/zone.dart:1362)
#12     _microtaskLoop (dart:async/schedule_microtask.dart:40)
#13     _startMicrotaskLoop (dart:async/schedule_microtask.dart:49)
#14     _runPendingImmediateCallback (dart:isolate-patch/isolate_patch.dart:127)
#15     _RawReceivePort._handleMessage (dart:isolate-patch/isolate_patch.dart:194)

The request analysis.setSubscriptions failed with the following error:
RequestErrorCode.PLUGIN_ERROR
Failed to decode .dart_tool/package_config.json at /Users/itae/dev/clean_architecture_linter/example. Make sure to run `pub get` first.
PathNotFoundException: Cannot open file, path = '/Users/itae/dev/clean_architecture_linter/example/.dart_tool/pub/workspace_ref.json' (OS Error: No such file or directory, errno = 2)
#0      _File.throwIfError (dart:io/file_impl.dart:783)
#1      _File.openSync (dart:io/file_impl.dart:576)
#2      _File.readAsBytesSync (dart:io/file_impl.dart:664)
#3      _File.readAsStringSync (dart:io/file_impl.dart:719)
#4      parsePackageConfig (package:custom_lint_core/src/package_utils.dart:142)
#5      CustomLintProject.parse (package:custom_lint/src/workspace.dart:930)
<asynchronous suspension>
#6      Future.wait.<anonymous closure> (dart:async/future.dart:525)
<asynchronous suspension>
#7      CustomLintWorkspace.fromContextRoots (package:custom_lint/src/workspace.dart:515)
<asynchronous suspension>
#8      SocketCustomLintServerToClientChannel.create (package:custom_lint/src/v2/server_to_client_channel.dart:54)
<asynchronous suspension>
#9      CustomLintServer._maybeSpawnCustomLintPlugin (package:custom_lint/src/v2/custom_lint_analyzer_plugin.dart:362)
<asynchronous suspension>
#10     CustomLintServer._handleAnalysisSetContextRoots.<anonymous closure> (package:custom_lint/src/v2/custom_lint_analyzer_plugin.dart:343)
<asynchronous suspension>
#11     PendingOperation.run (package:custom_lint/src/async_operation.dart:22)
<asynchronous suspension>
#12     CustomLintServer._handleRequest (package:custom_lint/src/v2/custom_lint_analyzer_plugin.dart:175)
<asynchronous suspension>

at:
#0      CustomLintProject.parse.<anonymous closure> (package:custom_lint/src/workspace.dart:933)
#1      _rootRunBinary (dart:async/zone.dart:1560)
#2      _CustomZone.runBinary (dart:async/zone.dart:1436)
#3      _FutureListener.handleError (dart:async/future_impl.dart:237)
#4      Future._propagateToListeners.handleError (dart:async/future_impl.dart:960)
#5      Future._propagateToListeners (dart:async/future_impl.dart:981)
#6      Future._completeErrorObject (dart:async/future_impl.dart:738)
#7      Future._asyncCompleteErrorObject.<anonymous closure> (dart:async/future_impl.dart:832)
#8      _rootRun (dart:async/zone.dart:1525)
#9      _CustomZone.run (dart:async/zone.dart:1422)
#10     _CustomZone.runGuarded (dart:async/zone.dart:1321)
#11     _CustomZone.bindCallbackGuarded.<anonymous closure> (dart:async/zone.dart:1362)
#12     _microtaskLoop (dart:async/schedule_microtask.dart:40)
#13     _startMicrotaskLoop (dart:async/schedule_microtask.dart:49)
#14     _runPendingImmediateCallback (dart:isolate-patch/isolate_patch.dart:127)
#15     _RawReceivePort._handleMessage (dart:isolate-patch/isolate_patch.dart:194)

The request analysis.updateContent failed with the following error:
RequestErrorCode.PLUGIN_ERROR
Failed to decode .dart_tool/package_config.json at /Users/itae/dev/clean_architecture_linter/example. Make sure to run `pub get` first.
PathNotFoundException: Cannot open file, path = '/Users/itae/dev/clean_architecture_linter/example/.dart_tool/pub/workspace_ref.json' (OS Error: No such file or directory, errno = 2)
#0      _File.throwIfError (dart:io/file_impl.dart:783)
#1      _File.openSync (dart:io/file_impl.dart:576)
#2      _File.readAsBytesSync (dart:io/file_impl.dart:664)
#3      _File.readAsStringSync (dart:io/file_impl.dart:719)
#4      parsePackageConfig (package:custom_lint_core/src/package_utils.dart:142)
#5      CustomLintProject.parse (package:custom_lint/src/workspace.dart:930)
<asynchronous suspension>
#6      Future.wait.<anonymous closure> (dart:async/future.dart:525)
<asynchronous suspension>
#7      CustomLintWorkspace.fromContextRoots (package:custom_lint/src/workspace.dart:515)
<asynchronous suspension>
#8      SocketCustomLintServerToClientChannel.create (package:custom_lint/src/v2/server_to_client_channel.dart:54)
<asynchronous suspension>
#9      CustomLintServer._maybeSpawnCustomLintPlugin (package:custom_lint/src/v2/custom_lint_analyzer_plugin.dart:362)
<asynchronous suspension>
#10     CustomLintServer._handleAnalysisSetContextRoots.<anonymous closure> (package:custom_lint/src/v2/custom_lint_analyzer_plugin.dart:343)
<asynchronous suspension>
#11     PendingOperation.run (package:custom_lint/src/async_operation.dart:22)
<asynchronous suspension>
#12     CustomLintServer._handleRequest (package:custom_lint/src/v2/custom_lint_analyzer_plugin.dart:175)
<asynchronous suspension>

at:
#0      CustomLintProject.parse.<anonymous closure> (package:custom_lint/src/workspace.dart:933)
#1      _rootRunBinary (dart:async/zone.dart:1560)
#2      _CustomZone.runBinary (dart:async/zone.dart:1436)
#3      _FutureListener.handleError (dart:async/future_impl.dart:237)
#4      Future._propagateToListeners.handleError (dart:async/future_impl.dart:960)
#5      Future._propagateToListeners (dart:async/future_impl.dart:981)
#6      Future._completeErrorObject (dart:async/future_impl.dart:738)
#7      Future._asyncCompleteErrorObject.<anonymous closure> (dart:async/future_impl.dart:832)
#8      _rootRun (dart:async/zone.dart:1525)
#9      _CustomZone.run (dart:async/zone.dart:1422)
#10     _CustomZone.runGuarded (dart:async/zone.dart:1321)
#11     _CustomZone.bindCallbackGuarded.<anonymous closure> (dart:async/zone.dart:1362)
#12     _microtaskLoop (dart:async/schedule_microtask.dart:40)
#13     _startMicrotaskLoop (dart:async/schedule_microtask.dart:49)
#14     _runPendingImmediateCallback (dart:isolate-patch/isolate_patch.dart:127)
#15     _RawReceivePort._handleMessage (dart:isolate-patch/isolate_patch.dart:194)

The request analysis.setPriorityFiles failed with the following error:
RequestErrorCode.PLUGIN_ERROR
Failed to decode .dart_tool/package_config.json at /Users/itae/dev/clean_architecture_linter/example. Make sure to run `pub get` first.
PathNotFoundException: Cannot open file, path = '/Users/itae/dev/clean_architecture_linter/example/.dart_tool/pub/workspace_ref.json' (OS Error: No such file or directory, errno = 2)
#0      _File.throwIfError (dart:io/file_impl.dart:783)
#1      _File.openSync (dart:io/file_impl.dart:576)
#2      _File.readAsBytesSync (dart:io/file_impl.dart:664)
#3      _File.readAsStringSync (dart:io/file_impl.dart:719)
#4      parsePackageConfig (package:custom_lint_core/src/package_utils.dart:142)
#5      CustomLintProject.parse (package:custom_lint/src/workspace.dart:930)
<asynchronous suspension>
#6      Future.wait.<anonymous closure> (dart:async/future.dart:525)
<asynchronous suspension>
#7      CustomLintWorkspace.fromContextRoots (package:custom_lint/src/workspace.dart:515)
<asynchronous suspension>
#8      SocketCustomLintServerToClientChannel.create (package:custom_lint/src/v2/server_to_client_channel.dart:54)
<asynchronous suspension>
#9      CustomLintServer._maybeSpawnCustomLintPlugin (package:custom_lint/src/v2/custom_lint_analyzer_plugin.dart:362)
<asynchronous suspension>
#10     CustomLintServer._handleAnalysisSetContextRoots.<anonymous closure> (package:custom_lint/src/v2/custom_lint_analyzer_plugin.dart:343)
<asynchronous suspension>
#11     PendingOperation.run (package:custom_lint/src/async_operation.dart:22)
<asynchronous suspension>
#12     CustomLintServer._handleRequest (package:custom_lint/src/v2/custom_lint_analyzer_plugin.dart:175)
<asynchronous suspension>

at:
#0      CustomLintProject.parse.<anonymous closure> (package:custom_lint/src/workspace.dart:933)
#1      _rootRunBinary (dart:async/zone.dart:1560)
#2      _CustomZone.runBinary (dart:async/zone.dart:1436)
#3      _FutureListener.handleError (dart:async/future_impl.dart:237)
#4      Future._propagateToListeners.handleError (dart:async/future_impl.dart:960)
#5      Future._propagateToListeners (dart:async/future_impl.dart:981)
#6      Future._completeErrorObject (dart:async/future_impl.dart:738)
#7      Future._asyncCompleteErrorObject.<anonymous closure> (dart:async/future_impl.dart:832)
#8      _rootRun (dart:async/zone.dart:1525)
#9      _CustomZone.run (dart:async/zone.dart:1422)
#10     _CustomZone.runGuarded (dart:async/zone.dart:1321)
#11     _CustomZone.bindCallbackGuarded.<anonymous closure> (dart:async/zone.dart:1362)
#12     _microtaskLoop (dart:async/schedule_microtask.dart:40)
#13     _startMicrotaskLoop (dart:async/schedule_microtask.dart:49)
#14     _runPendingImmediateCallback (dart:isolate-patch/isolate_patch.dart:127)
#15     _RawReceivePort._handleMessage (dart:isolate-patch/isolate_patch.dart:194)

The request analysis.setSubscriptions failed with the following error:
RequestErrorCode.PLUGIN_ERROR
Failed to decode .dart_tool/package_config.json at /Users/itae/dev/clean_architecture_linter/example. Make sure to run `pub get` first.
PathNotFoundException: Cannot open file, path = '/Users/itae/dev/clean_architecture_linter/example/.dart_tool/pub/workspace_ref.json' (OS Error: No such file or directory, errno = 2)
#0      _File.throwIfError (dart:io/file_impl.dart:783)
#1      _File.openSync (dart:io/file_impl.dart:576)
#2      _File.readAsBytesSync (dart:io/file_impl.dart:664)
#3      _File.readAsStringSync (dart:io/file_impl.dart:719)
#4      parsePackageConfig (package:custom_lint_core/src/package_utils.dart:142)
#5      CustomLintProject.parse (package:custom_lint/src/workspace.dart:930)
<asynchronous suspension>
#6      Future.wait.<anonymous closure> (dart:async/future.dart:525)
<asynchronous suspension>
#7      CustomLintWorkspace.fromContextRoots (package:custom_lint/src/workspace.dart:515)
<asynchronous suspension>
#8      SocketCustomLintServerToClientChannel.create (package:custom_lint/src/v2/server_to_client_channel.dart:54)
<asynchronous suspension>
#9      CustomLintServer._maybeSpawnCustomLintPlugin (package:custom_lint/src/v2/custom_lint_analyzer_plugin.dart:362)
<asynchronous suspension>
#10     CustomLintServer._handleAnalysisSetContextRoots.<anonymous closure> (package:custom_lint/src/v2/custom_lint_analyzer_plugin.dart:343)
<asynchronous suspension>
#11     PendingOperation.run (package:custom_lint/src/async_operation.dart:22)
<asynchronous suspension>
#12     CustomLintServer._handleRequest (package:custom_lint/src/v2/custom_lint_analyzer_plugin.dart:175)
<asynchronous suspension>

at:
#0      CustomLintProject.parse.<anonymous closure> (package:custom_lint/src/workspace.dart:933)
#1      _rootRunBinary (dart:async/zone.dart:1560)
#2      _CustomZone.runBinary (dart:async/zone.dart:1436)
#3      _FutureListener.handleError (dart:async/future_impl.dart:237)
#4      Future._propagateToListeners.handleError (dart:async/future_impl.dart:960)
#5      Future._propagateToListeners (dart:async/future_impl.dart:981)
#6      Future._completeErrorObject (dart:async/future_impl.dart:738)
#7      Future._asyncCompleteErrorObject.<anonymous closure> (dart:async/future_impl.dart:832)
#8      _rootRun (dart:async/zone.dart:1525)
#9      _CustomZone.run (dart:async/zone.dart:1422)
#10     _CustomZone.runGuarded (dart:async/zone.dart:1321)
#11     _CustomZone.bindCallbackGuarded.<anonymous closure> (dart:async/zone.dart:1362)
#12     _microtaskLoop (dart:async/schedule_microtask.dart:40)
#13     _startMicrotaskLoop (dart:async/schedule_microtask.dart:49)
#14     _runPendingImmediateCallback (dart:isolate-patch/isolate_patch.dart:127)
#15     _RawReceivePort._handleMessage (dart:isolate-patch/isolate_patch.dart:194)

The request analysis.updateContent failed with the following error:
RequestErrorCode.PLUGIN_ERROR
Failed to decode .dart_tool/package_config.json at /Users/itae/dev/clean_architecture_linter/example. Make sure to run `pub get` first.
PathNotFoundException: Cannot open file, path = '/Users/itae/dev/clean_architecture_linter/example/.dart_tool/pub/workspace_ref.json' (OS Error: No such file or directory, errno = 2)
#0      _File.throwIfError (dart:io/file_impl.dart:783)
#1      _File.openSync (dart:io/file_impl.dart:576)
#2      _File.readAsBytesSync (dart:io/file_impl.dart:664)
#3      _File.readAsStringSync (dart:io/file_impl.dart:719)
#4      parsePackageConfig (package:custom_lint_core/src/package_utils.dart:142)
#5      CustomLintProject.parse (package:custom_lint/src/workspace.dart:930)
<asynchronous suspension>
#6      Future.wait.<anonymous closure> (dart:async/future.dart:525)
<asynchronous suspension>
#7      CustomLintWorkspace.fromContextRoots (package:custom_lint/src/workspace.dart:515)
<asynchronous suspension>
#8      SocketCustomLintServerToClientChannel.create (package:custom_lint/src/v2/server_to_client_channel.dart:54)
<asynchronous suspension>
#9      CustomLintServer._maybeSpawnCustomLintPlugin (package:custom_lint/src/v2/custom_lint_analyzer_plugin.dart:362)
<asynchronous suspension>
#10     CustomLintServer._handleAnalysisSetContextRoots.<anonymous closure> (package:custom_lint/src/v2/custom_lint_analyzer_plugin.dart:343)
<asynchronous suspension>
#11     PendingOperation.run (package:custom_lint/src/async_operation.dart:22)
<asynchronous suspension>
#12     CustomLintServer._handleRequest (package:custom_lint/src/v2/custom_lint_analyzer_plugin.dart:175)
<asynchronous suspension>

at:
#0      CustomLintProject.parse.<anonymous closure> (package:custom_lint/src/workspace.dart:933)
#1      _rootRunBinary (dart:async/zone.dart:1560)
#2      _CustomZone.runBinary (dart:async/zone.dart:1436)
#3      _FutureListener.handleError (dart:async/future_impl.dart:237)
#4      Future._propagateToListeners.handleError (dart:async/future_impl.dart:960)
#5      Future._propagateToListeners (dart:async/future_impl.dart:981)
#6      Future._completeErrorObject (dart:async/future_impl.dart:738)
#7      Future._asyncCompleteErrorObject.<anonymous closure> (dart:async/future_impl.dart:832)
#8      _rootRun (dart:async/zone.dart:1525)
#9      _CustomZone.run (dart:async/zone.dart:1422)
#10     _CustomZone.runGuarded (dart:async/zone.dart:1321)
#11     _CustomZone.bindCallbackGuarded.<anonymous closure> (dart:async/zone.dart:1362)
#12     _microtaskLoop (dart:async/schedule_microtask.dart:40)
#13     _startMicrotaskLoop (dart:async/schedule_microtask.dart:49)
#14     _runPendingImmediateCallback (dart:isolate-patch/isolate_patch.dart:127)
#15     _RawReceivePort._handleMessage (dart:isolate-patch/isolate_patch.dart:194)

The request analysis.setPriorityFiles failed with the following error:
RequestErrorCode.PLUGIN_ERROR
Failed to decode .dart_tool/package_config.json at /Users/itae/dev/clean_architecture_linter/example. Make sure to run `pub get` first.
PathNotFoundException: Cannot open file, path = '/Users/itae/dev/clean_architecture_linter/example/.dart_tool/pub/workspace_ref.json' (OS Error: No such file or directory, errno = 2)
#0      _File.throwIfError (dart:io/file_impl.dart:783)
#1      _File.openSync (dart:io/file_impl.dart:576)
#2      _File.readAsBytesSync (dart:io/file_impl.dart:664)
#3      _File.readAsStringSync (dart:io/file_impl.dart:719)
#4      parsePackageConfig (package:custom_lint_core/src/package_utils.dart:142)
#5      CustomLintProject.parse (package:custom_lint/src/workspace.dart:930)
<asynchronous suspension>
#6      Future.wait.<anonymous closure> (dart:async/future.dart:525)
<asynchronous suspension>
#7      CustomLintWorkspace.fromContextRoots (package:custom_lint/src/workspace.dart:515)
<asynchronous suspension>
#8      SocketCustomLintServerToClientChannel.create (package:custom_lint/src/v2/server_to_client_channel.dart:54)
<asynchronous suspension>
#9      CustomLintServer._maybeSpawnCustomLintPlugin (package:custom_lint/src/v2/custom_lint_analyzer_plugin.dart:362)
<asynchronous suspension>
#10     CustomLintServer._handleAnalysisSetContextRoots.<anonymous closure> (package:custom_lint/src/v2/custom_lint_analyzer_plugin.dart:343)
<asynchronous suspension>
#11     PendingOperation.run (package:custom_lint/src/async_operation.dart:22)
<asynchronous suspension>
#12     CustomLintServer._handleRequest (package:custom_lint/src/v2/custom_lint_analyzer_plugin.dart:175)
<asynchronous suspension>

at:
#0      CustomLintProject.parse.<anonymous closure> (package:custom_lint/src/workspace.dart:933)
#1      _rootRunBinary (dart:async/zone.dart:1560)
#2      _CustomZone.runBinary (dart:async/zone.dart:1436)
#3      _FutureListener.handleError (dart:async/future_impl.dart:237)
#4      Future._propagateToListeners.handleError (dart:async/future_impl.dart:960)
#5      Future._propagateToListeners (dart:async/future_impl.dart:981)
#6      Future._completeErrorObject (dart:async/future_impl.dart:738)
#7      Future._asyncCompleteErrorObject.<anonymous closure> (dart:async/future_impl.dart:832)
#8      _rootRun (dart:async/zone.dart:1525)
#9      _CustomZone.run (dart:async/zone.dart:1422)
#10     _CustomZone.runGuarded (dart:async/zone.dart:1321)
#11     _CustomZone.bindCallbackGuarded.<anonymous closure> (dart:async/zone.dart:1362)
#12     _microtaskLoop (dart:async/schedule_microtask.dart:40)
#13     _startMicrotaskLoop (dart:async/schedule_microtask.dart:49)
#14     _runPendingImmediateCallback (dart:isolate-patch/isolate_patch.dart:127)
#15     _RawReceivePort._handleMessage (dart:isolate-patch/isolate_patch.dart:194)

The request analysis.setSubscriptions failed with the following error:
RequestErrorCode.PLUGIN_ERROR
Failed to decode .dart_tool/package_config.json at /Users/itae/dev/clean_architecture_linter/example. Make sure to run `pub get` first.
PathNotFoundException: Cannot open file, path = '/Users/itae/dev/clean_architecture_linter/example/.dart_tool/pub/workspace_ref.json' (OS Error: No such file or directory, errno = 2)
#0      _File.throwIfError (dart:io/file_impl.dart:783)
#1      _File.openSync (dart:io/file_impl.dart:576)
#2      _File.readAsBytesSync (dart:io/file_impl.dart:664)
#3      _File.readAsStringSync (dart:io/file_impl.dart:719)
#4      parsePackageConfig (package:custom_lint_core/src/package_utils.dart:142)
#5      CustomLintProject.parse (package:custom_lint/src/workspace.dart:930)
<asynchronous suspension>
#6      Future.wait.<anonymous closure> (dart:async/future.dart:525)
<asynchronous suspension>
#7      CustomLintWorkspace.fromContextRoots (package:custom_lint/src/workspace.dart:515)
<asynchronous suspension>
#8      SocketCustomLintServerToClientChannel.create (package:custom_lint/src/v2/server_to_client_channel.dart:54)
<asynchronous suspension>
#9      CustomLintServer._maybeSpawnCustomLintPlugin (package:custom_lint/src/v2/custom_lint_analyzer_plugin.dart:362)
<asynchronous suspension>
#10     CustomLintServer._handleAnalysisSetContextRoots.<anonymous closure> (package:custom_lint/src/v2/custom_lint_analyzer_plugin.dart:343)
<asynchronous suspension>
#11     PendingOperation.run (package:custom_lint/src/async_operation.dart:22)
<asynchronous suspension>
#12     CustomLintServer._handleRequest (package:custom_lint/src/v2/custom_lint_analyzer_plugin.dart:175)
<asynchronous suspension>

at:
#0      CustomLintProject.parse.<anonymous closure> (package:custom_lint/src/workspace.dart:933)
#1      _rootRunBinary (dart:async/zone.dart:1560)
#2      _CustomZone.runBinary (dart:async/zone.dart:1436)
#3      _FutureListener.handleError (dart:async/future_impl.dart:237)
#4      Future._propagateToListeners.handleError (dart:async/future_impl.dart:960)
#5      Future._propagateToListeners (dart:async/future_impl.dart:981)
#6      Future._completeErrorObject (dart:async/future_impl.dart:738)
#7      Future._asyncCompleteErrorObject.<anonymous closure> (dart:async/future_impl.dart:832)
#8      _rootRun (dart:async/zone.dart:1525)
#9      _CustomZone.run (dart:async/zone.dart:1422)
#10     _CustomZone.runGuarded (dart:async/zone.dart:1321)
#11     _CustomZone.bindCallbackGuarded.<anonymous closure> (dart:async/zone.dart:1362)
#12     _microtaskLoop (dart:async/schedule_microtask.dart:40)
#13     _startMicrotaskLoop (dart:async/schedule_microtask.dart:49)
#14     _runPendingImmediateCallback (dart:isolate-patch/isolate_patch.dart:127)
#15     _RawReceivePort._handleMessage (dart:isolate-patch/isolate_patch.dart:194)

The request analysis.updateContent failed with the following error:
RequestErrorCode.PLUGIN_ERROR
Failed to decode .dart_tool/package_config.json at /Users/itae/dev/clean_architecture_linter/example. Make sure to run `pub get` first.
PathNotFoundException: Cannot open file, path = '/Users/itae/dev/clean_architecture_linter/example/.dart_tool/pub/workspace_ref.json' (OS Error: No such file or directory, errno = 2)
#0      _File.throwIfError (dart:io/file_impl.dart:783)
#1      _File.openSync (dart:io/file_impl.dart:576)
#2      _File.readAsBytesSync (dart:io/file_impl.dart:664)
#3      _File.readAsStringSync (dart:io/file_impl.dart:719)
#4      parsePackageConfig (package:custom_lint_core/src/package_utils.dart:142)
#5      CustomLintProject.parse (package:custom_lint/src/workspace.dart:930)
<asynchronous suspension>
#6      Future.wait.<anonymous closure> (dart:async/future.dart:525)
<asynchronous suspension>
#7      CustomLintWorkspace.fromContextRoots (package:custom_lint/src/workspace.dart:515)
<asynchronous suspension>
#8      SocketCustomLintServerToClientChannel.create (package:custom_lint/src/v2/server_to_client_channel.dart:54)
<asynchronous suspension>
#9      CustomLintServer._maybeSpawnCustomLintPlugin (package:custom_lint/src/v2/custom_lint_analyzer_plugin.dart:362)
<asynchronous suspension>
#10     CustomLintServer._handleAnalysisSetContextRoots.<anonymous closure> (package:custom_lint/src/v2/custom_lint_analyzer_plugin.dart:343)
<asynchronous suspension>
#11     PendingOperation.run (package:custom_lint/src/async_operation.dart:22)
<asynchronous suspension>
#12     CustomLintServer._handleRequest (package:custom_lint/src/v2/custom_lint_analyzer_plugin.dart:175)
<asynchronous suspension>

at:
#0      CustomLintProject.parse.<anonymous closure> (package:custom_lint/src/workspace.dart:933)
#1      _rootRunBinary (dart:async/zone.dart:1560)
#2      _CustomZone.runBinary (dart:async/zone.dart:1436)
#3      _FutureListener.handleError (dart:async/future_impl.dart:237)
#4      Future._propagateToListeners.handleError (dart:async/future_impl.dart:960)
#5      Future._propagateToListeners (dart:async/future_impl.dart:981)
#6      Future._completeErrorObject (dart:async/future_impl.dart:738)
#7      Future._asyncCompleteErrorObject.<anonymous closure> (dart:async/future_impl.dart:832)
#8      _rootRun (dart:async/zone.dart:1525)
#9      _CustomZone.run (dart:async/zone.dart:1422)
#10     _CustomZone.runGuarded (dart:async/zone.dart:1321)
#11     _CustomZone.bindCallbackGuarded.<anonymous closure> (dart:async/zone.dart:1362)
#12     _microtaskLoop (dart:async/schedule_microtask.dart:40)
#13     _startMicrotaskLoop (dart:async/schedule_microtask.dart:49)
#14     _runPendingImmediateCallback (dart:isolate-patch/isolate_patch.dart:127)
#15     _RawReceivePort._handleMessage (dart:isolate-patch/isolate_patch.dart:194)

The request analysis.setPriorityFiles failed with the following error:
RequestErrorCode.PLUGIN_ERROR
Failed to decode .dart_tool/package_config.json at /Users/itae/dev/clean_architecture_linter/example. Make sure to run `pub get` first.
PathNotFoundException: Cannot open file, path = '/Users/itae/dev/clean_architecture_linter/example/.dart_tool/pub/workspace_ref.json' (OS Error: No such file or directory, errno = 2)
#0      _File.throwIfError (dart:io/file_impl.dart:783)
#1      _File.openSync (dart:io/file_impl.dart:576)
#2      _File.readAsBytesSync (dart:io/file_impl.dart:664)
#3      _File.readAsStringSync (dart:io/file_impl.dart:719)
#4      parsePackageConfig (package:custom_lint_core/src/package_utils.dart:142)
#5      CustomLintProject.parse (package:custom_lint/src/workspace.dart:930)
<asynchronous suspension>
#6      Future.wait.<anonymous closure> (dart:async/future.dart:525)
<asynchronous suspension>
#7      CustomLintWorkspace.fromContextRoots (package:custom_lint/src/workspace.dart:515)
<asynchronous suspension>
#8      SocketCustomLintServerToClientChannel.create (package:custom_lint/src/v2/server_to_client_channel.dart:54)
<asynchronous suspension>
#9      CustomLintServer._maybeSpawnCustomLintPlugin (package:custom_lint/src/v2/custom_lint_analyzer_plugin.dart:362)
<asynchronous suspension>
#10     CustomLintServer._handleAnalysisSetContextRoots.<anonymous closure> (package:custom_lint/src/v2/custom_lint_analyzer_plugin.dart:343)
<asynchronous suspension>
#11     PendingOperation.run (package:custom_lint/src/async_operation.dart:22)
<asynchronous suspension>
#12     CustomLintServer._handleRequest (package:custom_lint/src/v2/custom_lint_analyzer_plugin.dart:175)
<asynchronous suspension>

at:
#0      CustomLintProject.parse.<anonymous closure> (package:custom_lint/src/workspace.dart:933)
#1      _rootRunBinary (dart:async/zone.dart:1560)
#2      _CustomZone.runBinary (dart:async/zone.dart:1436)
#3      _FutureListener.handleError (dart:async/future_impl.dart:237)
#4      Future._propagateToListeners.handleError (dart:async/future_impl.dart:960)
#5      Future._propagateToListeners (dart:async/future_impl.dart:981)
#6      Future._completeErrorObject (dart:async/future_impl.dart:738)
#7      Future._asyncCompleteErrorObject.<anonymous closure> (dart:async/future_impl.dart:832)
#8      _rootRun (dart:async/zone.dart:1525)
#9      _CustomZone.run (dart:async/zone.dart:1422)
#10     _CustomZone.runGuarded (dart:async/zone.dart:1321)
#11     _CustomZone.bindCallbackGuarded.<anonymous closure> (dart:async/zone.dart:1362)
#12     _microtaskLoop (dart:async/schedule_microtask.dart:40)
#13     _startMicrotaskLoop (dart:async/schedule_microtask.dart:49)
#14     _runPendingImmediateCallback (dart:isolate-patch/isolate_patch.dart:127)
#15     _RawReceivePort._handleMessage (dart:isolate-patch/isolate_patch.dart:194)

The request analysis.setSubscriptions failed with the following error:
RequestErrorCode.PLUGIN_ERROR
Failed to decode .dart_tool/package_config.json at /Users/itae/dev/clean_architecture_linter/example. Make sure to run `pub get` first.
PathNotFoundException: Cannot open file, path = '/Users/itae/dev/clean_architecture_linter/example/.dart_tool/pub/workspace_ref.json' (OS Error: No such file or directory, errno = 2)
#0      _File.throwIfError (dart:io/file_impl.dart:783)
#1      _File.openSync (dart:io/file_impl.dart:576)
#2      _File.readAsBytesSync (dart:io/file_impl.dart:664)
#3      _File.readAsStringSync (dart:io/file_impl.dart:719)
#4      parsePackageConfig (package:custom_lint_core/src/package_utils.dart:142)
#5      CustomLintProject.parse (package:custom_lint/src/workspace.dart:930)
<asynchronous suspension>
#6      Future.wait.<anonymous closure> (dart:async/future.dart:525)
<asynchronous suspension>
#7      CustomLintWorkspace.fromContextRoots (package:custom_lint/src/workspace.dart:515)
<asynchronous suspension>
#8      SocketCustomLintServerToClientChannel.create (package:custom_lint/src/v2/server_to_client_channel.dart:54)
<asynchronous suspension>
#9      CustomLintServer._maybeSpawnCustomLintPlugin (package:custom_lint/src/v2/custom_lint_analyzer_plugin.dart:362)
<asynchronous suspension>
#10     CustomLintServer._handleAnalysisSetContextRoots.<anonymous closure> (package:custom_lint/src/v2/custom_lint_analyzer_plugin.dart:343)
<asynchronous suspension>
#11     PendingOperation.run (package:custom_lint/src/async_operation.dart:22)
<asynchronous suspension>
#12     CustomLintServer._handleRequest (package:custom_lint/src/v2/custom_lint_analyzer_plugin.dart:175)
<asynchronous suspension>

at:
#0      CustomLintProject.parse.<anonymous closure> (package:custom_lint/src/workspace.dart:933)
#1      _rootRunBinary (dart:async/zone.dart:1560)
#2      _CustomZone.runBinary (dart:async/zone.dart:1436)
#3      _FutureListener.handleError (dart:async/future_impl.dart:237)
#4      Future._propagateToListeners.handleError (dart:async/future_impl.dart:960)
#5      Future._propagateToListeners (dart:async/future_impl.dart:981)
#6      Future._completeErrorObject (dart:async/future_impl.dart:738)
#7      Future._asyncCompleteErrorObject.<anonymous closure> (dart:async/future_impl.dart:832)
#8      _rootRun (dart:async/zone.dart:1525)
#9      _CustomZone.run (dart:async/zone.dart:1422)
#10     _CustomZone.runGuarded (dart:async/zone.dart:1321)
#11     _CustomZone.bindCallbackGuarded.<anonymous closure> (dart:async/zone.dart:1362)
#12     _microtaskLoop (dart:async/schedule_microtask.dart:40)
#13     _startMicrotaskLoop (dart:async/schedule_microtask.dart:49)
#14     _runPendingImmediateCallback (dart:isolate-patch/isolate_patch.dart:127)
#15     _RawReceivePort._handleMessage (dart:isolate-patch/isolate_patch.dart:194)

